04.07.2015 pre-alpha 0.2.0
Добавлен проигрыш
Мелкие изменения
Добавлено черновое отражение от доски
Изменения интерфейса


03.07.2015 pre-alpha 0.1.6
Улучшение столкновений с блоками
Комментирование написанного кода
Оптимизация отрисовки


02.07.2015 pre-alpha 0.1.3
Черновая обработка столкновения с блоками


02.07.2015 pre-alpha 0.1.2
Удален класс Core за ненадобностью
Перенос функционала Core -> Widget
Добавлены параметры доски
Добавлены параметры шарика
Настроено отображение блоков
Добавлены отражения шарика от стен


01.07.2015 pre-alpha 0.0.6
Настроен git
Добавлен класс Core
Добавлен класс Brick
Добавлен класс Level
Добавлено базовое меню
Добавлена базовая загрузка уровня

#История разработки игры.
